<?xml version="1.0" ?>
<testsuite errors="0" failures="0" name="pystache.tests.test_renderengine.RenderEngineTestCase-20180528060329" tests="1" time="0.000">
	<testcase classname="pystache.tests.test_renderengine.RenderEngineTestCase" name="test_init" time="0.000"/>
	<system-out>
<![CDATA[]]>	</system-out>
	<system-err>
<![CDATA[]]>	</system-err>
</testsuite>
