<?xml version="1.0" ?>
<testsuite errors="0" failures="0" name="pystache.tests.test___init__.InitTests-20180528060329" tests="2" time="0.000">
	<testcase classname="pystache.tests.test___init__.InitTests" name="test___all__" time="0.000"/>
	<testcase classname="pystache.tests.test___init__.InitTests" name="test_version_defined" time="0.000"/>
	<system-out>
<![CDATA[]]>	</system-out>
	<system-err>
<![CDATA[]]>	</system-err>
</testsuite>
