<?xml version="1.0" ?>
<testsuite errors="0" failures="0" name="pystache.tests.test_defaults.DefaultsConfigurableTestCase-20180528060329" tests="3" time="0.001">
	<testcase classname="pystache.tests.test_defaults.DefaultsConfigurableTestCase" name="test_delimiters" time="0.001"/>
	<testcase classname="pystache.tests.test_defaults.DefaultsConfigurableTestCase" name="test_missing_tags" time="0.000"/>
	<testcase classname="pystache.tests.test_defaults.DefaultsConfigurableTestCase" name="test_tag_escape" time="0.000"/>
	<system-out>
<![CDATA[]]>	</system-out>
	<system-err>
<![CDATA[]]>	</system-err>
</testsuite>
