<?xml version="1.0" ?>
<testsuite errors="0" failures="0" name="tests.test_commands.CommandsTestCase-20180521111012" tests="1" time="0.001">
	<testcase classname="tests.test_commands.CommandsTestCase" name="testMainSimple" time="0.001"/>
	<system-out>
<![CDATA[]]>	</system-out>
	<system-err>
<![CDATA[]]>	</system-err>
</testsuite>
